c:\users\student\desktop\game\stg_takaiwa_c++\debug\vc140.pdb
c:\users\student\desktop\game\stg_takaiwa_c++\debug\vc140.idb
c:\users\student\desktop\game\stg_takaiwa_c++\debug\manager.obj
c:\users\student\desktop\game\stg_takaiwa_c++\debug\number.obj
c:\users\student\desktop\game\stg_takaiwa_c++\debug\pause.obj
c:\users\student\desktop\game\stg_takaiwa_c++\debug\player.obj
c:\users\student\desktop\game\stg_takaiwa_c++\debug\renderer.obj
c:\users\student\desktop\game\stg_takaiwa_c++\debug\result.obj
c:\users\student\desktop\game\stg_takaiwa_c++\debug\result_logo.obj
c:\users\student\desktop\game\stg_takaiwa_c++\debug\scene.obj
c:\users\student\desktop\game\stg_takaiwa_c++\debug\scene2d.obj
c:\users\student\desktop\game\stg_takaiwa_c++\debug\score.obj
c:\users\student\desktop\game\stg_takaiwa_c++\debug\setparticle.obj
c:\users\student\desktop\game\stg_takaiwa_c++\debug\sound.obj
c:\users\student\desktop\game\stg_takaiwa_c++\debug\spawn_enemy.obj
c:\users\student\desktop\game\stg_takaiwa_c++\debug\spawn_enemyui.obj
c:\users\student\desktop\game\stg_takaiwa_c++\debug\stage.obj
c:\users\student\desktop\game\stg_takaiwa_c++\debug\tile.obj
c:\users\student\desktop\game\stg_takaiwa_c++\debug\title.obj
c:\users\student\desktop\game\stg_takaiwa_c++\debug\title_logo.obj
c:\users\student\desktop\game\stg_takaiwa_c++\debug\ui.obj
c:\users\student\desktop\game\stg_takaiwa_c++\debug\ui_bg.obj
c:\users\student\desktop\game\stg_takaiwa_c++\debug\ai.obj
c:\users\student\desktop\game\stg_takaiwa_c++\debug\bg.obj
c:\users\student\desktop\game\stg_takaiwa_c++\debug\bullet.obj
c:\users\student\desktop\game\stg_takaiwa_c++\debug\collision.obj
c:\users\student\desktop\game\stg_takaiwa_c++\debug\count_down.obj
c:\users\student\desktop\game\stg_takaiwa_c++\debug\effect.obj
c:\users\student\desktop\game\stg_takaiwa_c++\debug\enemy.obj
c:\users\student\desktop\game\stg_takaiwa_c++\debug\explosion.obj
c:\users\student\desktop\game\stg_takaiwa_c++\debug\fade.obj
c:\users\student\desktop\game\stg_takaiwa_c++\debug\game.obj
c:\users\student\desktop\game\stg_takaiwa_c++\debug\gamedata_keep_object.obj
c:\users\student\desktop\game\stg_takaiwa_c++\debug\game_clear.obj
c:\users\student\desktop\game\stg_takaiwa_c++\debug\game_logo.obj
c:\users\student\desktop\game\stg_takaiwa_c++\debug\hiscore.obj
c:\users\student\desktop\game\stg_takaiwa_c++\debug\input.obj
c:\users\student\desktop\game\stg_takaiwa_c++\debug\input_joypad.obj
c:\users\student\desktop\game\stg_takaiwa_c++\debug\input_keyboard.obj
c:\users\student\desktop\game\stg_takaiwa_c++\debug\life.obj
c:\users\student\desktop\game\stg_takaiwa_c++\debug\logo.obj
c:\users\student\desktop\game\stg_takaiwa_c++\debug\main.obj
c:\users\student\desktop\game\stg_takaiwa_c++\debug\stg_takaiwa_c++.ilk
c:\users\student\desktop\game\stg_takaiwa_c++\debug\stg_takaiwa_c++.exe
c:\users\student\desktop\game\stg_takaiwa_c++\debug\stg_takaiwa_c++.pdb
c:\users\student\desktop\game\stg_takaiwa_c++\debug\stg_takaiwa_c++.tlog\cl.command.1.tlog
c:\users\student\desktop\game\stg_takaiwa_c++\debug\stg_takaiwa_c++.tlog\cl.read.1.tlog
c:\users\student\desktop\game\stg_takaiwa_c++\debug\stg_takaiwa_c++.tlog\cl.write.1.tlog
c:\users\student\desktop\game\stg_takaiwa_c++\debug\stg_takaiwa_c++.tlog\link.command.1.tlog
c:\users\student\desktop\game\stg_takaiwa_c++\debug\stg_takaiwa_c++.tlog\link.read.1.tlog
c:\users\student\desktop\game\stg_takaiwa_c++\debug\stg_takaiwa_c++.tlog\link.write.1.tlog
